2026-04-26 14:11:23,825 - INFO - Detected 4 changed file(s)
2026-04-26 14:11:23,949 - INFO - Staged: test_scrapling.py
2026-04-26 14:11:24,068 - INFO - Staged: auto_push.log
2026-04-26 14:11:24,167 - INFO - Staged: auto_push.py
2026-04-26 14:11:24,367 - INFO - Staged: test_mongo.py
2026-04-26 14:11:24,904 - INFO - Committed: auto: periodic update - 2026-04-26 14:11:24
2026-04-26 14:11:28,843 - INFO - Pushed to remote repository
2026-04-26 21:29:30,792 - INFO - Starting auto-commit and push service (every 60s)
2026-04-26 21:29:30,792 - INFO - Repository: D:\Portfolio Project\Investor Relation Automation
2026-04-26 21:29:30,912 - INFO - Detected 2 changed file(s)
2026-04-26 21:29:31,143 - INFO - Staged: auto_push.log
2026-04-26 21:29:31,243 - ERROR - Failed to stage files: Command '['git', 'add', '-u', 'gents\\financial_expert.py']' returned non-zero exit status 128.
2026-04-26 21:30:31,303 - INFO - Detected 2 changed file(s)
2026-04-26 21:30:31,444 - INFO - Staged: auto_push.log
2026-04-26 21:30:31,510 - ERROR - Failed to stage files: Command '['git', 'add', '-u', 'gents\\financial_expert.py']' returned non-zero exit status 128.
2026-04-26 21:30:34,899 - INFO - Service stopped
2026-04-26 21:33:13,531 - INFO - Detected 3 changed file(s)
2026-04-26 21:33:13,664 - INFO - Staged: agents\financial_expert.py
2026-04-26 21:33:13,764 - INFO - Staged: auto_push.log
2026-04-26 21:33:13,823 - ERROR - Failed to stage files: Command '['git', 'add', '-u', 'GENTS.md']' returned non-zero exit status 128.
2026-04-26 21:34:36,978 - INFO - Detected 1 changed file(s)
2026-04-26 21:34:37,043 - ERROR - Failed to stage files: Command '['git', 'add', '-u', 'uto_push.log']' returned non-zero exit status 128.
2026-04-27 16:43:56,603 - INFO - Detected 3 changed file(s)
